21:09:59.201 [main] INFO  listener.TestListener - starting Test :verifyDurationOfCourse
21:09:59.220 [main] WARN  listener.TestListener - test case skipped :verifyDurationOfCourse
21:09:59.221 [main] INFO  listener.TestListener - starting Test :verifyNamesExtracted
21:09:59.222 [main] WARN  listener.TestListener - test case skipped :verifyNamesExtracted
21:09:59.225 [main] INFO  listener.TestListener - starting Test :verifyRatingExtracted
21:09:59.225 [main] WARN  listener.TestListener - test case skipped :verifyRatingExtracted
21:41:19.509 [main] INFO  org.testng.internal.Utils - [TestNG] Running:
  C:\Users\2497801\Downloads\HackathonProject\mastertestng.xml

21:41:30.819 [main] INFO  listener.TestListener - starting Test :verifyEnterprise
21:41:30.821 [main] INFO  TestCases.EnterpriseForm - starting verifyEnterprise
21:41:48.653 [main] INFO  TestCases.EnterpriseForm - verified verifyEnterprise
21:41:48.660 [main] INFO  listener.TestListener - test successfully completed :verifyEnterprise
21:41:59.980 [main] INFO  listener.TestListener - starting Test :verifySearch
21:41:59.984 [main] INFO  TestCases.ExtractAllLanguages - starting verifySearch
21:42:14.802 [main] INFO  TestCases.ExtractAllLanguages - verified verifySearch
21:42:14.806 [main] INFO  listener.TestListener - test successfully completed :verifySearch
21:42:33.212 [main] INFO  listener.TestListener - starting Test :verifyWebsiteLaunch
21:42:33.212 [main] INFO  TestCases.SearchWebDevelopment - Starting verifyWebsiteLaunch
21:42:33.241 [main] INFO  TestCases.SearchWebDevelopment - Verified verifyWebsiteLaunch
21:42:33.243 [main] INFO  listener.TestListener - test successfully completed :verifyWebsiteLaunch
21:42:33.260 [main] INFO  listener.TestListener - starting Test :verifyFormFill
21:42:33.260 [main] INFO  TestCases.EnterpriseForm - starting verifyFormFill
21:42:40.776 [main] INFO  TestCases.EnterpriseForm - verified verifyFormFill
21:42:40.778 [main] INFO  listener.TestListener - test successfully completed :verifyFormFill
21:42:40.790 [main] INFO  listener.TestListener - starting Test :verifyLanguageExtracted
21:42:40.796 [main] INFO  TestCases.ExtractAllLanguages - starting verifyLanguageExtracted
21:42:54.178 [main] INFO  TestCases.ExtractAllLanguages - verified verifyLanguageExtracted
21:42:54.180 [main] INFO  listener.TestListener - test successfully completed :verifyLanguageExtracted
21:42:54.183 [main] INFO  listener.TestListener - starting Test :verifySearchForWebDevelopmentCourses
21:42:54.184 [main] INFO  TestCases.SearchWebDevelopment - starting verify SearchForWebDevelopmentCourses
21:43:17.249 [main] INFO  TestCases.SearchWebDevelopment - verified SearchForWebDevelopmentCourses
21:43:17.251 [main] INFO  listener.TestListener - test successfully completed :verifySearchForWebDevelopmentCourses
21:43:17.255 [main] INFO  listener.TestListener - starting Test :verifyBeginnerLevel
21:43:17.256 [main] INFO  TestCases.SearchWebDevelopment - starting BeginnerLevel
21:43:20.220 [main] INFO  TestCases.SearchWebDevelopment - verified verifyBeginnerLevel
21:43:20.222 [main] INFO  listener.TestListener - test successfully completed :verifyBeginnerLevel
21:43:20.228 [main] INFO  listener.TestListener - starting Test :verifyLevelExtracted
21:43:20.229 [main] INFO  TestCases.ExtractAllLanguages - starting verifyLevelExtracted
21:43:21.958 [main] INFO  TestCases.ExtractAllLanguages - verified verifyLevelExtracted
21:43:21.959 [main] INFO  listener.TestListener - test successfully completed :verifyLevelExtracted
21:43:34.795 [main] INFO  listener.TestListener - starting Test :verifyerrorMsg
21:43:34.796 [main] INFO  TestCases.EnterpriseForm - starting verifyerrorMsg
21:43:35.000 [main] INFO  TestCases.EnterpriseForm - verified verifyerrorMsg
21:43:35.001 [main] INFO  listener.TestListener - test successfully completed :verifyerrorMsg
21:43:45.753 [main] INFO  listener.TestListener - starting Test :verifyLanguageLevel
21:43:45.754 [main] INFO  TestCases.SearchWebDevelopment -  starting verifyLanguageLevel
21:43:48.920 [main] INFO  TestCases.SearchWebDevelopment - verified verifyLanguageLevel
21:43:48.922 [main] INFO  listener.TestListener - test successfully completed :verifyLanguageLevel
21:43:48.928 [main] INFO  listener.TestListener - starting Test :verifyDurationOfCourse
21:43:48.929 [main] INFO  TestCases.SearchWebDevelopment - starting verifyDurationOfCourse
21:43:49.385 [main] INFO  TestCases.SearchWebDevelopment - verified verifyDurationOfCourse
21:43:49.387 [main] INFO  listener.TestListener - test successfully completed :verifyDurationOfCourse
21:43:49.391 [main] INFO  listener.TestListener - starting Test :verifyNamesExtracted
21:43:49.392 [main] INFO  TestCases.SearchWebDevelopment - starting verifyNamesExtracted
21:43:49.513 [main] INFO  TestCases.SearchWebDevelopment - verified verifyNamesExtracted
21:43:49.514 [main] INFO  listener.TestListener - test successfully completed :verifyNamesExtracted
